
P A U P *
Version 4.0a (build 168) for macOS (built on Aug  2 2020 at 06:41:30)
Mon Apr 15 21:05:26 2024


Processing of file "~/Desktop/Postdoc/2024/Favo/Phylo_analysis/Bat_paup.nex" begins...

Data matrix has 253 taxa, 144 characters
Valid character-state symbols: 012345
Missing data identified by '?'
Gaps identified by '-'
Case significant for alphabetic character-state symbols

420 trees read from TREES block; time used = 0.08 sec (CPU time = 0.09 sec)

Note: Input trees are rooted but current criterion and/or option settings would specify unrooted
      trees.  (You can deroot the trees using the 'derootTrees' command.)

Processing of input file "Bat_paup.nex" completed.

Trees in memory will be invalidated by deletion of taxa. Specify one of the following options:
   (1) Clear trees from memory
   (2) Abort taxon deletion
   (3) Prune deleted taxa from trees
(1)>3

Condense trees that become identical after pruning? (Y/n)y

7 taxa pruned from all trees in memory.
0 trees discarded due to redundancy after pruning taxa.

Taxon-deletion status changed:
  7 taxa deleted
  Total number of taxa now deleted = 7
  Number of nondeleted taxa = 246

Character-exclusion status changed:
  7 characters excluded
  Total number of characters now excluded = 7
  Number of included characters = 137

Outgroup status changed:
  1 taxon transferred to outgroup
  Total number of taxa now in outgroup = 1
  Number of ingroup taxa = 252 (of which 245 are nondeleted)

Input data matrix:

                                  1         2         3         4         5         6         7    7
Taxon                         1678012345678901234567890123456789012345678901234567890123456789012356
----------------------------------------------------------------------------------------------------
Doliodus                      ???10?000?12012000000???00?1???00?0??10??0?00????????0?00?0?????????10
Acroteriobatus annulatus      11000-001?010000000110010000000000?1?00010?11100100010?2?10-????????10
Acroteriobatus leucospilus    11000-001?010000000110010000000000?1?00010?11100100010?2?10-????????10
Acroteriobatus ocellatus      11000-001?010000000110010000000000?1?00010?11100100010?2?10-????????10
Acroteriobatus zanzibarensis  11000-001?010000000110010000000000?1?00010?11100100010?2?10-????????10
Aellopobatis bavarica         ?1000-001??10000000?10?0???0???00011?00010???10???000??2?10-????????10
Spathobatus                   ?1000-001?010000000?100000?0???00?111000100??10???000002?10-????????10
Aetobatus narinari            11?00-00010100000000101001111111001-100111-111001-002012111000??011010
Aetomylaeus wafickii          11?00-000?110000000?10100111111100???00?1??11100??0020?2?1100???????10
Aetomylaeus maculatus         11?00-0?0?110000000?1010011111?100???00?1??11100??0020?2?110????????10
Aetomylaeus milvus            11?00-0?0?110000000?101001??11?100???00?1??11100??0020?2?110????????10
Aetomylaeus nichofii          11?00-0?0?110000000?101001??11?100???00?1??11100??0020?2?110????????10
Amblyraja georgiana           11010-0????10000000?1010???011?000?1?00?1??111011020-0?2?10-????????10
Amblyraja radiata             11010-0???0100000?0?101000?011?000?1?00?1??111011020-0?2?10-????????10
Aptychotrema vincentiana      11010-001101000000011000001000-0001110001011110?10012102010-000-00-010
Arechia                       ?????-0???010000000010100110???1??1110??10?1110?1??0??02??0-????????10
Asflapristis                  ?1010-0?1?010000000110000010???0?????00??011110?102020020?0-????????10
Asterodermus platypterus      ?1010-001?010000000110000010???00????00?1???110?10000002?10-????????10
Asterotrygon maloneyi         ?1110-000?010000000010100100???10?1-100?1021110?10?????2?10-????????10
Atlantoraja castelnaui        11010-0?1?01000000011010000011?000111001101111001020-0?2?10-????????10
Atlantoraja platana           11010-0?1?010000000110100000???000112001101111001020-0?2?10-????????10
Atlantoraja cyclophora        11010-001?010000000?1000????111000?1?00?1??111001020-0?2?10-????????10
Bathyraja aguja               11010-001?01000000011001????11?000?1?00?1??11101102020?2?10-????????10
Bathyraja abyssicola          11010-001?01000000011001????11?000?1?00?1??11101102020?2?10-????????10
Bathyraja aleutica            11010-001?01000000011001????11?000?1?00?1??11101102020?2?10-????????10
Bathyraja kincaidii           11010-0?1?010000000111-1????11?000?1?00?1??11101102020?2?10-????????10
Bathyraja maccaini            11010-0?1?010000000111-1????11?000?1?00?1??11101102020?2?10-????????11
Belemnobatis sismondae        ?1010-000?01000000010---0010???00?1110?01001110?10000002?10-????????10
Benthobatis marcida           11011?0?0?010000011011--1---111101???00?1??01101112020?2?10-????????00
Beringraja binoculata         11010-001??1000001111000????111000?1?00?1???1101102020?2?10-????????00
Brachaelurus waddi            01010-000001100100000---001000-300?1?10000000011---0-0?1?10-????????00
Ginglymostoma cirratum        01010-000001100100000---001000-30001010000000001---0-011010-000-?0-000
Breviraja claramaculata       11010-001?0100000001110010?0???010?1?00110??110110202??2?10-????????10
Breviraja colesi              11010-001?0100000001110110?0???000?1?00110??110110202??2?10-????????10
Breviraja spinosa             11010-0?1??1000000011001????11?000?1?00?1??11101102020?2?10-????????10
Britobatos primarmata         ?1010-001?010000000?100001?????010?1?00?1??1110?100021?2?10-????????10
Chimaera                      00--??00??10--0000000---1---00-00100000-00000200---0-0???00-000-00-000
Chlamydoselachus              01010-000001010000000---011000-00001001000000000---0-011010-000-00-000
Cobelodus                     ?0?-0-000?12012000000---00?1???00?0??00??0?00????????0?00?0?????????10
Cruriraja cadenati            11010-0???0100000?0?100000?0???000?1?00?1??111011020-0?2?10-????????10
Cruriraja parcomaculata       11010?0???0100000?0?10000000???000?1?00?1??111011020?0?2?10-????????10
Cruriraja poeyi               11010-0???0100000?0?10000??????000?1?00?1??111011020-0?2?10-????????10
Cruriraja rugosa              11010-0????100000?0?1000???????0?0?1?00?1??111011020-0?2?10-????????10
Cyclobatis mayor              ?1010-0?00010000000?10100010???00?1110?11??1?10?102020?2?10-????????10
Cyclobatis longicaudatus      ?1010-0?00010000000?10100010???00?1110?11??1?10?102020?2?10-????????10
Cyclobatis oligodactylus      ?1010-0?00010000000?10100010???00?1110?11??1?10?102020?2?10-????????10
Dactylobatus armatus          11010-0????10000000111-0????111000?1?00?1??11101102020?2?10-????????10
Dactylobatus clarkii          11010-0????10000000?11-0????111000?1?00?1??11101102020?2?10-????????10
Dasyatis bennetti             11?00-0????10000000?1010???011?100?1?00?1??11100100020?2?10-????????10
Dasyatis centroura            11?00-0???010000000?1000101011?100?1?00?1??11100100020?2?10-????????10
Dasyatis dipterura            11?00?0????10000000?1010???011?100?1?00?1??11100100020?2?10?????????10
Dasyatis americana            11?00?0???010000000?1010???011?100?1?00?1??11100100020?2?10?????????10
Dasyatis longa                11?00?0????10000000?1010???011?100?1?00?1??11100100020?2?10?????????10
Dasyatis margarita            11?00-0???010000000?1010???0110100?1?00?1??11100100020?2?10-????????10
Dasyatis margaritella         11?00-0???010000000?10100100110100?1?00?1??11100100020?2?10-????????10
Dasyatis rudis                11?00-0???0100000000101001001111001-100110211100100020?2110-0011011010
Dasyatis sabina               11?00-0???010000000?10100?0011?100???00?1??11100??0020?2?10-????????10
Dasyatis zugei                11?00?0???0100000?0?1010010011?100???00?1??11100??0020?2?10-????????10
Diplobatis ommata             1101120????1000?011011--1---?10100?1?00?1??01100110020?2?10-????????00
Diplobatis pictus             11011?0???01000?010?11--1---110100?1?00?1???1100110020?2?10-0???????00
Dipturus lamillai             11010-0??001000?00011000????111000?1?00?1??111011020-0?2?10?????????10
Dipturus olseni               11010-0??001000?00011001????111000?1?00?1??111011020-0?2?10?????????10
Dipturus teevani              11010-0???01000?000110001000111000?1?00?1??11101102020?2?10-????????10
Dipturus garricki             11010-0???01000?000110001000111000?1?00?1??11101102020?2?10-????????10
Eoplatyrhina                  ?1011200???10000000?11-00000???010?1?-??1????10?1???2?????0-?????????0
Fenestraja cubensis           11010-00??01000?000?1001????11?000?1?00?1??1110110202002010-????????10
Fenestraja plutonia           11010-00??01000?000?1001????11?000?1?00?1??1110110202002010-????????10
Fenestraja sinusmexicanus     11010-001?01000?000?1001????11?000?1?00?1??1110110202002010-????????10
Fenestraja ishiyamai          11010-001?01000?00011001000011?000?1?00?1???1101102020?2?10-????????10
Glaucostegus cemiculus        11010-001?01000?00011001000000-010?1?00?1???1100100011?2?10-????????10
Glaucostegus granulatus       11010-001?01000?00011001000000-010?1?00?1???1100100011?2?10-????????10
Glaucostegus typus            11010-001101000000011001000000-0?01110001011110010001102010-000-00-010
Glaucostegus thouin           11010-001?01000?00011001000000-0101110001011110010001102010-????????10
Gurgesiella atlantica         11010-0?1?010000000011110000???000?1?00?1??11101102020?2?10-????????10
Gurgesiella furvescens        11010-0?1001000000001111000001?000?1?00?1??11101102020?2?10-????????10
Gymnura altavela              11100-00100100000000101001001101001-10011021110?10002002010-00??011010
Gymnura australis             11?00-0?1??10000000?101???0011?100???00?1??11100??0020?2?10-????????10
Gymnura crebripunctata        11?00-0?1??1000?000?10100?0011?100???00?10211100??0020?2?10-????????10
Gymnura marmorata             11?00?0?1??1000?000?10100?0011?100???00?10211100??0020?2?10?????????10
Gymnura japonica              11?00-0?1?01000000001010010011?1001-100110211100100020?2?10-????????10
Gymnura poecilura             11?00-0?1??1000?000?10100?00???100???00?1?211100??0020?2?10-????????10
Gymnura tentaculata           11?00-0?1??1000?000?10100?00110100???00?1?211100??0020?2?10-????????10
Gymnura zonura                11?00-0?1??1000?000?10100?0011?100???00?1?211100??0020?2?10-????????10
Hamiltonichthys               ?101??10??0110001?000???0111???0??010100??????00???0?0?0?10?????????10
Harriotta                     00--??00??10--0000000---1---00-00000000000000200---0-0??-00-000-00-000
Heliobatis radians            ?1?00-000?0100000000101001?0???10??-?00?1????1001??0???2?10-?????????0
Heliotrygon gomesi            11?00-000??10000000?101001?0???10??-?00?1????1001??0???2?10-?????????0
Hemiscyllium                  01010-000101100100000---001000-3?011010000000001---0-011010-00??????00
Heterodontus                  01010-000001100100000---001000-30001010000000001---0-000010-000-00-000
                                                                                     1
Hexanchus                     01010-000001011000000---011000-00001001000000000---0-011010-000-00-000
Hexatrygon bickelli           1??00-0000010000?1001010011000000011?00010011100??00?002010-00??0???10
Himantura gerrardi            11?00-000?01000000001100011011100011?00?1?211100??002??2?10?????????10
Himantura pastinacoides       11?00-000?01000000001100011011100011?00?1?211100??002??2?10?????????10
Himantura schmardae           11?00-0???010000000?10100???111100???00?1??11100??0020?2?10-????????10
Himantura signifer            11?00-0????1000?000?1010010?11?100???00?1?211100100020?2?10-????????10
Himantura uarnak              11?00-0????1000?000?1010010?11?100???00?1?211100100020?2?10-????????10
Himantura uarnacoides         11?00-0????1000?000?1010010?11?100???00?1?211100100020?2?10-????????10
Himantura undulata            ?1?00-000??1000?000?1010010?11?100???00?1??11100100020?2?10-????????10
Himantura walga               1??00-0????1000?000?1010010?11?100???00?1?211100100020?2?10-????????10
Hybodus                       ?101??10??01100010000---0111???0?0???10??000??00---0?0?0?10-????????00
Hypnos monopterygius          1--0100?00010000011010001???11010111100011-1110111202002010-000000-110
Irolita waitii                11010-00??01000?010?1000000011?00111100110?0110?10?0?0?2?10-????????10
Kimmerobatis                  ?1010-00?001000000011???0010???00????0??1???110?10?0?0?2?10-????????10
Lessiniabatis aenigmatica     ?1000-0?0??100000?0?1010???????10????0??1???110????0?002010-????????10
Leucoraja erinacea            11010-0?1??1000?000111010000111000?1?00?1??1?100102020?2?10-????????10
Leucoraja ocellata            11010-0?1??1000?000111010000111000?1?00?1??1?100102020?2?10-????????10
                                                                             1
Leucoraja melitensis          11010-001??1000?00011101001011?00011?00?10111101102020?2?10?????????10
Libanopristis hiram           ?1010-01??010000000?10000010???00????0??10??110010002002?10-????????10
Malacoraja senta              11010-0????1000?00011100000011?000?1?00?1??1?101102020?2?10-????????10
Malacoraja spinacidermis      11010-00???1000?000?1000001011?000???00?1????10110?020?2?10?????????10
Manta birostris               11200-00011100000000101001111111011-?00111-1110?0-0020?2?1??????????10
Mobula japanica               11200-00011100000000101001111111011-100111-1110?0-0020?2?11100??011010
Mobula munkiana               11200-00011100000000101001111111011-100111-1110?0-0020?2?11100??011010
Mobula tarapacana             11200-00011100000000101001111111011-100111-1110?0-0020?2?11100??011010
Mobula thurstoni              11200-00011100000000101001111111011-100111-1110?0-0020?2?11100??011010
Mustelus                      01010-000?01100000000---001000-00001010000000001---0-0?1?10-?0??????00
Myliobatis californicus       11?00-0?01010000000010000101111101???00?1??1??00??0020?2?110????????10
Myliobatis freminvillei       11200-0001010000000010000101111101???00?1??1??00??0020?2?110????????10
Myliobatis goodei             11200-0001010000000010000101111101???00?1??1??00??0020?2?110????????10
Myliobatis tobijei            11200-000??10000000?1000????111?01?-?00?1?-???00??0020?2?110???-????10
Narcine bancroftii            1101120?00010000011011--1---?1010111100010001101110020?2?10-010010?100
Narcine brasiliensis          1101120?00010000011011--1---0101011110001001110111002002010-010010-100
Narcine entemedor             1101120?0?01000?011011--1---110101?1?00?11-11101110020?2?10-010010-100
Narcine leoparda              1101120?0?01000?011011--1---?1?101?1?00?11-01101110020?2?10-010010-101
Narcine oculifera             1101120?0??1000?011?11--1---110101?1?00?1????101110020?2?10-010010-100
Narcine vermiculata           1101120?0?01000?011011--1---110101?1?00?11-01101110020?2?10?010010-100
Narcine timlei                1101120?0?01000?011011--1---010101?1?00?1??01101110020?2?10-010010-101
Narke japonica                1101100?00010000011011--1--?11010111100011-0110?11001002010-0110110100
                                   1
Neotrygon kuhlii              11000-00000100000000101001001111001-10011021110010002012010-0011011010
Notoraja tobitukai            11010-001?01000?01011000????11100011?0011??111011020?0?2?10-????????10
Indobatis ori                 11010?001?01000?01011000????11100011?0011??111011020?0?2?10?????????10
Okamejei kenojei              1101???????1000?0?011000????11100011?0011??11101102020?2?10-????????10
Okamejei hollandi             1101???????1000?0?011000?---11100011?0011??11101102020?2?10-????????10
Onchopristis                  ?1010-010?010000000110000010???00????00??????10?101020?2??0-?????????0
Eucrossorhinus dasypogon      01010-0000011001010?0---0?0010030001010001010011---0-0?1?10-????????10
Orectolobus japonicus         01010-0000011001010?0---0?0010030001010001010011---0-011?10-????????10
Orectolobus maculatus         01010-0000011001010?0---0?0010030001010001010011---0-011?10-????????10
Ostarriraja                   ???1??0????100000?0?100010?????00????00?1??1?10???1020???10-?0??????10
Ozarcus                       ?0?-0-000?12012000000???1---???0??01-000?1-00????????0??????????????10
Paratrygon aiereba            1??00-000??1000?000?101001??11?100???00?1??1110?10002002110-????????10
Pastinachus atrus             1??00-000?01000?000?10000---11?101?1?00?1??1110???0020?2?10-????????10
Pastinachus sephen            1??00-000?01000?000?10000---11?101?1?00?1??11100??0020?2?10-????????10
Phorcynis catulina            ?1010-000?01100101??0---0010000000?1?10000?00011???0?0?1?10-????????10
Pliotrema warreni             01010-0000010100010?0---001000000001001000?00010???0?0?1?10-????????00
Platyrhina sinensis           110112000001000000011001000001-0101110001011110?11012102010-000-00?010
Platyrhinoidis triseriata     1101120000010000000111-0000001-0101110001011110111010102010-000-00?010
Plesiobatis                   11000?0???01000000001010011011100011100110211100100020?2010-0011011010
Plesiotrygon iwamae           11000-000?0100000000101?????11?001?1?00?1??11100100020?2?10-????????11
Plesiozanobatus               ?1010-0?0??10000000?101?1---???00????0??1????10????????2??0-??????????
Potamotrygon brachyura        11100-00??01000?000010100100111100???00?1??11100100020?2?10-????????10
Potamotrygon boesemani        11100-00??01000?000010000100111101?-?00?1???1100100020?2?10-0011011010
Potamotrygon motoro           11100-00?00100000000101001001111011-10011021110110002002010-0011011010
Potamotrygon constellata      11100-00??01000?000010000100111101???00?10211100100020?2?10-0011011010
Potamotrygon hystrix          11100-00???1000?000010000100111101???00?1021110???0020?2?10-0011011010
Potamotrygon humerosa         11100-00???1000?000010000???111101???00?10211100??0020?2?10-0011011010
Potamotrygon leopoldi         11100-00???1000?000010000100111101???00?10211100??0020?2?10-0011011010
Potamotrygon orbignyi         11100-00???1000?000010000100111101???00?10211100??0020?2?10-0011011010
Potamotrygon signata          11100-00???1000?000010000100111101???00?10211100??0020?2?10-0011011010
Potamotrygon yepezi           11100-00???1000?000010000100111101???00?10211100??0020?2?10-0011011010
Pristiophorus japonicus       01010-000?01010000010---00100?0000???00?0??00011---0-0?1?10-????????10
Pristiophorus nudipinnis      01010-000?01010000010---00100?0000???00?0??00011---0-0?1?10-????????10
Pristiophorus lanae           01010-000?01010000010---00100?0000???00?0??00011---0-0?1?10-????????10
Pristis pectinata             11010-00110100000001100100000100001110001011110110102102010-000-00-010
Pristis pristis               11010-001??100000001100100000100001110001011110?101011?2?10?000-00-010
Anoxypristis cuspidata        11010-001?010000000110010010010010?1?0001??11101101021?2?10-??????-?10
Promyliobatis                 ?1?00?0????10000000?????010????10?1110?-1???110?????20?2?110?????????0
Protospinax annectans         ?1010-0000010100000?0---0110??-000?1?01000000001---0-0?1?10-?????????0
Psammobatis rudis             11000-000?01000?00011001001011?00011?0011??01101102020?1?10-????????10
Psammobatis scobina           11000-000?01000?00011001001011?00011?0011??01101102020?1?10-????????10
Pseudoraja fischeri           11010-00??01000?00011001000011?00001?0011??01101102020?2?10?????????10
Pseudorhina acanthoderma      ?1010-000001010000000---0110??-20001101000000011---0-0?1?10-????????00
Pseudorhina alifera           ?1010-0000010100000?0---0110??-20001101000000011---0-0?1?10?????????00
Pteromylaeus asperrimus       11?00-0?0?110000000?1010011111?100???00?1??11100??0020?2?110????????10
Pteromylaeus bovinus          1??00-0?0?110000000?1010011111?100???00?1??1110???0020?2?110????????10
Ptychotrygon rostrispatula    ?1010-010?010000000?10000010???00?111001?011110?101020020?0-????????10
Raja clavata                  11010-00100100000001100000001110001110011011110110202012010-000-00-010
Raja equatorialis             11010?001?010000000110000000111000?1?00110?01101102020?2?10-????????10
Raja eglanteria               11010?001??1000000011000000011100001?0011010110?102020?2?10-????????10
Raja stellulata               11010?001??10000000110000000111000?1?00110?01101102020?2?10-????????10
Raja rhina                    11010?001??1000000011000????111000?1?00?10?01101102020?2?10-????????10
Rajella bigelowi              11010?001??1000000011000????111000?1?00?1??01101102020?2?10-????????10
Rajella caudaspinosa          11010-001?010000000110000000111000?1?00?1??0110?100020?2?10-????????10
Rajella eisenhardti           11010?001?01000000011000????111000?1?00?1??01101102020?2?10-????????10
Rajella fuliginea             11010?001??10000000?1000????111000?1?00?1??01101102020?2?10-????????10
Rajella purpuriventralis      11010?001??10000000?1000????111000?1?00?1??01101102020?2?10-????????10
Rajella nigerrima             11010-001??1000000011100000011?000?1?00?1??11101102020?2?10-????????10
Rhinoraja taranetzi           11010?00???1000?000110010000111000?1?0011??1110110202??2?10-????????10
Rhina ancylostoma             11010-001101000000011001000001-0101110001011110010002102010-000-00-000
Rhinobatos annandalei         11010?001?01000?000110010000010010?110001??1110010001102?10?????????1?
Rhinobatos glaucostigma       11010-001101000000011000000000-0001110001011110010001102010-000-00-000
Rhinobatos holcorhynchus      11010?001??1000?00011000000000-010?110001??1110010002??2?10-????????10
Rhinobatos percellens         11010-001101000000011000000000-0001110001011110010001102010-000-?0-000
Rhinobatos maronita           ?1010-001?010000000?10000000???01?1110001011110?100010?2?10-????????00
Rhinobatos lionotus           11010?001??1000?0001100000000000001??00?1??1110010001??2?10-????????00
Rhinobatos rhinobatos         11010?001??1000?000110010000???010?1?00?1??1110010001??2?10-????????00
Rhynchobatus australiae       11010-0011010000000110010???00-01011?00?1??11101100011?2?10-????????00
Rhynchobatus djiddensis       11010-001?010000000110010???00-01011?00?1??11101100011?2?10-????????00
Rhynchobatus springeri        11010-001101000000011001000000-0101110001011110110001102010-000-00-000
Rhinobatos whitfieldy         ?1010-001??10000000?100100?0???0001110001???110???001??2?10-????????10
Rhinobatus haeckelensis       ?1010-001??100000001100000?0???0001110001??1110?10101??2?10-????????10
Rhinobatus latus              ?1010-0011010000000?10010010??-01?11?0001???110?10001??2?10-????????00
Rhinoptera bonasus            11200?0001110000000?101001111111001-100111-111000?00201211110012011010
Rhinoptera brasiliensis       11200-00011100000000101001111111001-100111-111000-00201211110012011010
Rhombopterygia rajoides       ?1010-001?110000000?1000???0???000???00?1??1110???0?01?2?10-??????????
Scyliorhinus                  01010-000?01100000000---001000-00001010000000001---0-0?1?10-?0??????00
Sclerorhynchus atavus         ?1010-010?010000000?10000010???00?1110?11011110????02002?10-????????10
Sinobatis borneensis          11010-010??1000000011000????11?000?1?00?1???110110202??2?10-????????10
Sinobatis melanosoma          11010-010??1000000011000????11?000?1?00?1???110110202??2?10?????????10
Springeria folirostris        1101?-0????10000000?1010????11?000?1?00?1??11101102020?2?10-????????10
Springeria longirostis        1101??0????10000000?1010????11?000?1?00?1??11101102020?2?10?????????10
Squalus                       01010-000001010000000---011000-00001001000000001---0-011010-000-00-000
Squatina africana             01010-000?01010000000---011000-20001101000000011---0-011010-000-00-000
Squatina armata               01010-000?01010000000---011000-20001101000000011---0-011010-000-00-000
Squatina californica          01010-000?01010000000---011000-20001101000000011---0-011010-000-00-000
Squatina dumeril              01010-000?01010000000---011000-20001101000000011---0-011010-000-00-000
Squatina nebulosa             01010-000001010000000---011000-20001101000000011---0-011010?000-00-000
Squatina squatina             01010-000?01010000000---011000-20001101000000011---0-011010?000-00-000
Stahlraja sertanensis         ?1010-0011010000000110000010???01????00?1????10?1001?1?2?10-????????10
Sympterygia acuta             11000-00??010000000110100010???000?1?00111?1110110002??2?10-????????10
Taeniura lymma                11000-00??010000000011000???11?101?1?00?1??1110?1?002??2?10-????????10
Temera                        1101100?0?110000011011--1---11010111100011-0110?11001002010-0110110100
Tethytrygon                   11000-0?0?010000000?10100100???10?1-?0??10?1110?1000?0?2?10-????????10
Tlalocbatus                   11010-0011010000000110000010???010???0??1????10?10?1?0?2?10-?????????0
Tingitanius                   1101??0?00010000000111-00000???01??1?00?1????10?110?2102??0-????????10
Titanonarke molini            110112000??10000011011--1---???10?1110?011-1110?11?02??2?10-????????10
Torpedo fuscomaculata         110010010?010000011010001---11010111100011-1110111201002010-001000-111
Torpedo mackayana             110000010?010000011011001---110101?1?00?1??11101112010?2?10-????????11
Torpedo nobiliana             110000010?010000011011001---110101?1?00?1??1110111201??2?10?????????11
Torpedo torpedo               110000010?010000011011001---110101?1?00?1??1110111201??2?10?????????11
Tribodus                      1101??00??01000010000---0111???000???0???000??00---0-0?2?10-????????10
Trygonorrhina                 11010-00110100000001100000101100001110001011110010011102010-000-00-0?0
Urobatis concentricus         11000-0000010000000010100100111100?1?00?1??11101100121?2?10?????????10
Urobatis halleri              11000-0000010000000010100100111100?1?00?1??11100100121?2?10?????????10
Urobatis jamaicensis          11000?000001000000001010010011110011100010211100100020?2010-1011011010
Urobatis maculatus            11100?000?0100000000101001001111001-?00?10211100??002??2?10?????????10
Urotrygon aspidura            11100-00?00100000000101001101111001-100011-1110010002002010-1011011010
Urotrygon chilensis           11100-00??01000000001000????111100?-?00?1??1110010002??2?10?????????10
Urotrygon microphthalmum      11100?00??11000000001010????111101?-?00?1??11100??002??2?10?????????10
Urotrygon munda               11100?00??11000000001000????111101???00?1??11100??002??2?10?????????10
Urotrygon simulatrix          11100?00???1000000001000????111100???00?1??11100???02??2?10?????????10
Urotrygon rogersi             11100-00?00100000000101001101111001110011021110010002002010-0011011010
Urolophus kaianus             11100-00??110000000010100110111101?1?00?1??1110010002??2?10?????????10
Urolophus aurantiacus         11100-00??1100000000101001101111011110011021110010002??2?10?????????10
Zanobatus schoenleinii        11010-000001000000011011000001-0001110001011110010002002010-000-00-000
Zapteryx exasperata           11010-001101000000011000001001-0001110001011110010011102010-000-00-010
Zapteryx xyster               11010-001?01000000011000001001-0101110001011110010011102010-000?????1?

Input data matrix (continued):

                                                    1                                           1
                              7  8        9         0         1         2         3         4   4
Taxon                         7890123456890123456789012345678901234567890123456789012345678901234
-------------------------------------------------------------------------------------------------
Doliodus                      ????000????????000?????????????1?0?????1?10????????????1??10?000101
Acroteriobatus annulatus      ?0??000??????00100-100110102301001010010110100000111???0-010000?111
Acroteriobatus leucospilus    ?0??000??????00100-100110002301001010010110100000111???0-010000?111
Acroteriobatus ocellatus      ?0??000??????00100-100110002301001010010110100000111???0-010000?111
Acroteriobatus zanzibarensis  ?0??000??????00100-100110002301001010010110100000111???0-010000?111
Aellopobatis bavarica         ?0??000??????00100-0----0002301011010000110010000011???0-010000?111
Spathobatus                   ?0??000??????00100-0----0002301011010000110010000011?0?0-010?000111
Aetobatus narinari            111101112001011000-10?2-00123210012-01111100001101111200-1000000111
Aetomylaeus wafickii          ????11???????11000-10?2-00123210011-0111110000110111???0-1000000111
Aetomylaeus maculatus         ????11???????11000-10?2-00123210011-0111110000110011???0-?000000111
Aetomylaeus milvus            ????11???????11000-10?2-00123210011-0111110000110011???0-?000000111
Aetomylaeus nichofii          ????11???????11000-10?2-00123210011-0111110000110011???0-?000000111
Amblyraja georgiana           ?0??000??????00001?1010-00?2301001010000110000001-11???0-0111000111
Amblyraja radiata             ?0??000??????00001?1010-00?2301001010000110000001-11???0-0111000111
Aptychotrema vincentiana      000100000100000100-100110002311001010000110010000111???0-0101000111
Arechia                       ????000??????100011102??0??????001110010010????????????0-10?0001111
Asflapristis                  ?0??000??????0??0??0?---0002301001?10?000?1??0?????????0-?100001111
Asterodermus platypterus      ?0??000??????00100-0----000230101101000001001000011????1-0100000111
Asterotrygon maloneyi         ?1??000??????10001110??-00023?10012100100100000?021????0-110000?111
Atlantoraja castelnaui        ?0??000??????0000101010-0??230?001010000110100001-11???0-01?1000111
Atlantoraja platana           ?0??000??????00001?1010-0??230?001010000110100001-11???0-0111000111
Atlantoraja cyclophora        ?0??000??????0000101010-0002301001010000110100001-11???0-0111000111
Bathyraja aguja               ?0??000??????0000101010-0002301001010000110100001-11???0-0111000111
Bathyraja abyssicola          ?0??000??????0000101010-0002301001010000110100001-11???0-0111000111
Bathyraja aleutica            ?0??000??????0000101010-0002301001010000110100001-11???0-0111000111
Bathyraja kincaidii           ?0??000??????00001?1010-00?2301001010000110100001-11???0-0111000111
Bathyraja maccaini            ????000??????0000101010-00?2301001010000110100001-11???0-0111000111
Belemnobatis sismondae        ?0??000??????00100-0----00023010110100000100100000110??110101000111
Benthobatis marcida           ?0??000??????00100-11-0-010230?101011000010101-00-11???0-0000000111
Beringraja binoculata         ?0??000??????0010101010-000230?001011000110000001-11???0-0111000111
Brachaelurus waddi            ?0??000??????00100-2----00021-0000-0-000000?00000??1???0-0100000111
Ginglymostoma cirratum        00?0000??0??000100-2----00021-0000-0-000000?00000?11???0-0100000111
Breviraja claramaculata       ?0??000??????0000101010-00023?1001010000110000001-11???0-0111000111
Breviraja colesi              ?0??000??????0000101010-00023?1001010000010000001-11???0-0111000111
Breviraja spinosa             ?0??000??????0000101010-0002301001010000110000001-11???0-0111000111
Britobatos primarmata         ?0??000??????00100-10??-000230?001010110010000000?1????0-?1?1000111
Chimaera                      000000000000000000-0----000????0-0---0010000000000010000?0000000000
Chlamydoselachus              000000000000000100-0----10012--100-1-0000000000000110000-0100000111
Cobelodus                     00??000?????????00?0????00?????1-0??-0?1?1000??00?10???0?010?000101
Cruriraja cadenati            ?0??000??????00001?1010-00?2301001010000110100001-11???0-0111000111
Cruriraja parcomaculata       ?0??000??????00001?1010-00?2301001010000110100001-11???0-0111000111
Cruriraja poeyi               ?0??000??????00001?1010-00?2301001010000110100001-11???0-0111000111
Cruriraja rugosa              ?0??000??????00001?1010-00?2301001010000110100101-11???0-0111000111
Cyclobatis mayor              ?0??000??????0?00101010-0002301001210000110100001-110?10-01?1000111
Cyclobatis longicaudatus      ?0??000??????0?00101010-0002301001210000110100001?110?10?01?1000111
Cyclobatis oligodactylus      ?0??000??????0?00101010-0002301001210000110100001?110?10?01?1000111
Dactylobatus armatus          ?0??000??????00001?101?-00?2301001010000010100001-11???0-0111000111
Dactylobatus clarkii          ?0??000??????00001?101?-00?2301001010000010100001-11???0-0111000111
Dasyatis bennetti             ????010??????1100011022-0012301001210010010000100110???0-1?00000111
                                               1
Dasyatis centroura            ?0??010??????1100011022-00123010012100100100001001100210-1000000111
                                               1
Dasyatis dipterura            ????010??????1100011022?00123010012100100100001?0110???0?1000000111
                                               1
Dasyatis americana            ?0??010??????1100011022?00123010012100100100001?0110???0?1000000111
                                               1
Dasyatis longa                ????010??????1100011022?00123010012100100100001?0110???0?1000000111
                                               1
Dasyatis margarita            ?0??010??????1100111022-0012301001110010010000100111???0-1101000111
Dasyatis margaritella         ?0??010??????1100111022-0012301001110010010000100111???0-1101000111
Dasyatis rudis                11010001100101100111022-00123010012100100100001101110210-1000000111
Dasyatis sabina               ?0??010??????11001?1022-0012301001210010010000100111???0-1000000111
Dasyatis zugei                ?0??010??????1100011022-0012301001210010010000000011???0-100?000111
                                               1
Diplobatis ommata             ?0??000?????100100-11-0-0102300101011000010111-00211???0?0000000111
Diplobatis pictus             ????000??????00100-11-0-010230?101011000010101-00211???0-0000000111
Dipturus lamillai             ?0??000??????0000101010-000230?001010000110000001-11???0-0111000111
Dipturus olseni               ?0??000??????0000101010-000230?001010000110000001-11???0-0111000111
Dipturus teevani              ?0??000??????0000101010?000230?001010000110000001-11???0-0111000111
Dipturus garricki             ?0??000??????0000101010?000230?001010000110000001-11???0-0111000111
Eoplatyrhina                  00???00??????00100-1??1?00?230??010100000100?0000??1???0-010000?111
Fenestraja cubensis           ????000??????0000101010-000230?001010000110100001-11???0-0111000111
Fenestraja plutonia           ????000??????0000101010-000230?001010000110100001-11???0-0111000111
Fenestraja sinusmexicanus     ????000??????0000101010-000230?001010000110100001-11???0-0111000111
Fenestraja ishiyamai          ????000??????0000101010-000230?001010000110100001-11???0-0111000111
Glaucostegus cemiculus        ????000??????00100-1001?0002301001012000110000010111???0?0101000111
Glaucostegus granulatus       ????000??????00100-1001?0002301001012000110000010111???0?0101000111
Glaucostegus typus            0001000??1??000100-100110002301001012000110010010111???0-0101000111
Glaucostegus thouin           ?0??000??????00100-1001?00023?1001012000110010010?1????0-0101000111
Gurgesiella atlantica         ?0??000??????0000101010-0002301001010000110100101-11???0-0111000111
Gurgesiella furvescens        ?0??000??????0000101010-0002301001010000110100101-11???0-0111000111
Gymnura altavela              000100011001011000-1022-00023210012101100100001101111200-1000000111
Gymnura australis             ????000??????11000-1022-000232?001210?100100001???11???0-?000000111
Gymnura crebripunctata        ?0??000??????11000-1022-000232?001210110010000110111???0-1000000111
Gymnura marmorata             ?0??000??????11000?1022?000232?001210110010000110111???0?1000000111
Gymnura japonica              ?0??000??????11000?1022-0002321001210110010000110111???0-1000000111
Gymnura poecilura             ?0??000??????11000?1022-000232?001210110010000110111???0-1000000111
Gymnura tentaculata           ?0??000??????11000?1022-000232?001210110010000110111???0-1000000111
Gymnura zonura                ?0??000??????11000?1022-000232?001210110010000110111???0-1000000111
Hamiltonichthys               ?0??000??????0?010?0????000????110?1?000000000000000???100101000111
                                                                                1
Harriotta                     000000000000000000-0----000????0-0---0010000001000010000?0000000000
Heliobatis radians            ?1??000??????10000?1022-000????0012100100100000?0211???0-100000?111
                                               1
Heliotrygon gomesi            ?1??000??????10000?1022?0002301001110010010000110?11???0-100000?111
                                               1
Hemiscyllium                  00??000??????00100-2----00020--000?0?00-000010000011???0-0100000111
Heterodontus                  000000000000000100-2----10020--000-1-000000000100011000110100000111
Hexanchus                     000000000000000?00-0----0000---100-1-0000000000000110000-0100000111
Hexatrygon bickelli           0011000??0??010001?1022-000230100111001001000011011????0-1000000111
Himantura gerrardi            ?0??010??????1100021022?001230100111001001000011011????0?1000000111
                                               1
Himantura pastinacoides       ?0??010??????1100021022?001230100111001001000011011????0?1000000111
                                               1
Himantura schmardae           ?1??010??????11000-1022-001230?001110010010000110111???0-1101000111
Himantura signifer            ?0??010??????11001?1022-00?230?001210010010000100111???0-1000000111
Himantura uarnak              ?0??010??????11001?1022-00?230?001210010010000100111???0-1000000111
Himantura uarnacoides         ?0??010??????11001?1022-00?230?001210010010000100111???0-1000000111
Himantura undulata            ?0??010??????1100111022-001230?001210010010000100111???0?1101000111
Himantura walga               ?0??010??????11001?1022-00?230?001210010010000100111???0-1000000111
Hybodus                       ?0??000??????0?010-0----0000---100-1?0?0000000000000???100100000111
Hypnos monopterygius          000200000000100100-11-0-0102301101011000010111-00111???0-0000000111
Irolita waitii                ?0??000??????00101?1010-0002301001?10000110000001-11???0?1111000111
Kimmerobatis                  ?0???00??????00100-0----0002301?11010000010?100?01110000-010000?111
Lessiniabatis aenigmatica     1???0?0??????10001?10??????23??0011100?00100001?0?1????0-0000000111
Leucoraja erinacea            ?0??000??????0000101010-000230?001010000010100001-11???0-0111000111
Leucoraja ocellata            ?0??000??????0000101010-000230?001010000010100001-11???0-0111000111
Leucoraja melitensis          ?0??000??????0000101010-000230?001010000010100001-11???0?0111000111
Libanopristis hiram           ?0??000??????00100-1010-000230100101000001100000011????0-0100111111
Malacoraja senta              ?0??000??????0000101010-000230?001010000010000001-11???0-0111000111
Malacoraja spinacidermis      ?0??000??????0000101010-000230?001010000010000001-11???0?0111000111
Manta birostris               01??101????????000-1022-00123?10012101101100-0110111???0-1000000111
Mobula japanica               011110112001011000-1022-00123210012101101100-0110111??00-1000000111
Mobula munkiana               011110112001011000-1022-00123210012101101100-0110111??00-1000000111
Mobula tarapacana             011110112001011000-1022-00123210012101101100-0110111??00-1000000111
Mobula thurstoni              011110112001011000-1022-00123210012101101100-0110111??00-1000000111
Mustelus                      00??000??????00100?0----0000---000-1-000000000100011???0-010000?111
Myliobatis californicus       ????011??????11000-1022-0012321001210110?10000110111???0-1000000111
Myliobatis freminvillei       ????011??????11000-1022-0012321001210110010000110111???0-1000000111
Myliobatis goodei             ????011??????11000-1022-0012321001210110010000110111???0-1000000111
Myliobatis tobijei            ????011??????11000-1022-0012321001210110010000110111???0-1000000111
Narcine bancroftii            000200000000100100-11-0?0102300101011000010111-002111000-0000000111
Narcine brasiliensis          000200000000100100-11-0-0102300101011000010111-002111000-0000000111
Narcine entemedor             0002000?????100100-11-0-0102300101011000010111-002111000-0000000111
Narcine leoparda              0002000?????100100-11-0-0102300101011000010111-002111000-0000000111
Narcine oculifera             0002000?????100100-11-0-0102300?01011000010111-002111000-0000000111
Narcine vermiculata           0002000?????100100?11-0-0102300101011000010110-002111000-0000000111
Narcine timlei                0002000?????100100-11-0-0102300101011000010111-002111000?0000000111
Narke japonica                000200000000100100-11-0-01023000010110000101000002111000-0000000111
Neotrygon kuhlii              10010101000101100111022-00123210011100100100001101110210-1000000111
Notoraja tobitukai            ?0??000??????0000101010-0002301001010000110000001-11???0?0111000111
Indobatis ori                 ?0??000??????0000101010?0002301001010000110000001?11???0?0111000111
Okamejei kenojei              ?0??000??????0000101010-0002301001010000110000001-11???0?0111000111
Okamejei hollandi             ?0??000??????0000101010-0002301001010000110000001-11???0?0111000111
Onchopristis                  ?0??000??????0000???0???????????????0???????????0???????-?101100111
Eucrossorhinus dasypogon      ?0??000??????00100-0----000110?00000-000000000000011???0?0100000111
Orectolobus japonicus         ?0??000??????00100-0----000110?00000-000000000000011???0-0100000111
Orectolobus maculatus         ?0??000??????00100-0----000110?00000-000000000000011???0?0100000111
Ostarriraja                   00??000??????00001?101?????230?00101000011010000121????0-0??1000111
Ozarcus                       ?0??000?????????0???????????????????-????????????????????????0001?1
Paratrygon aiereba            ?0??000??????11001?1022-00?230?0011100100100001?0?11???0-11?1000111
Pastinachus atrus             ?0??000??????1100111022-00?230?001110010010000100111???0?110?000111
Pastinachus sephen            ?0??000??????1100111022-00?230?001110010010000100111???0?110?000111
Phorcynis catulina            ?0??000??????00100-0????00?210?00000?000000000000011???0?000?000111
Pliotrema warreni             ?0??000??????00100-0????00?230?00001?000000000000011???0?000?000111
Platyrhina sinensis           000100000100000100-1001000023010010100100100100001110000-0101000111
Platyrhinoidis triseriata     000100000100000100-1001000023010010100000100100001110000-0101000111
Plesiobatis                   110100010001010000-1022-0002301001110010010000110?111200-1101000111
Plesiotrygon iwamae           ?1??010??????1100011022?00?2301001110010010000110211???0-1101000111
                                               1
Plesiozanobatus               ?????????????00100-10??-00?2321?-10-00?11100001002?????0-010000?111
Potamotrygon brachyura        ?1??0101000101100011022-00123010011100100100001102111200-1101000111
                                               1
Potamotrygon boesemani        11010101000101100011022-00123010011100100100001102111200?1101000111
                                               1
Potamotrygon motoro           11010101000101100011022-00123010011100100100001102111200-1101000111
                                               1
Potamotrygon constellata      ?1010101000101100011022-0012301001010010010000110111???0?1101000111
                                               1
Potamotrygon hystrix          ?1010101000101100011022-00123010010100100100001101111200?1101000111
                                               1                               2
Potamotrygon humerosa         ?1010101000101100011022-0012301001110010010000110211???0?1101000111
                                               1
Potamotrygon leopoldi         ?1010101000101100011022-0012301001?100100100001102111200?1101000111
                                               1
Potamotrygon orbignyi         ?1010101000101100011022-0012301001110010010000110111???0?1101000111
                                               1                               2
Potamotrygon signata          ?1010101000101100011022-0012301001010010010000110211???0?1101000111
                                               1
Potamotrygon yepezi           ?1010101000111100011022-0012301001110010010000110211???0?1000000111
                                               1
Pristiophorus japonicus       ?0??000??????00100-0----000230?000-1-000000010000011???0?0100100111
Pristiophorus nudipinnis      ?0??000??????00100-0----0002300000-1-000000000000011???0?0100100111
Pristiophorus lanae           ?0??000??????00100-0----000230?000-1-000000000000011???0?0100100111
Pristis pectinata             000100000100000100-100120002301001012000110000110111???0-0100100111
Pristis pristis               000100000100000100-100120002301001012000110000110111???0?0100100111
Anoxypristis cuspidata        ?0??000??????00100-1001?00023010010120001100001?0111???0-0100100111
Promyliobatis                 ?1???????????11000?10???0??23???012101?001000011011????0-1???000111
Protospinax annectans         ????000??????00100-0----00012-?000-1-00000000000001????1101??000111
Psammobatis rudis             ?0??000??????0000101010?0002101001010000110100001-11???0?0111000111
Psammobatis scobina           ?0??000??????0000101010?0002101001010000110100001-11???0?0111000111
Pseudoraja fischeri           ?0??000??????0000001010?0002301001010000110000001-11???0?0111000111
Pseudorhina acanthoderma      ?0??000??????00100-0----000????000-1-000000001-00011???0-010?000111
Pseudorhina alifera           ?0??000??????00100?0????000????000?1?000000001-00011???0?010?000111
Pteromylaeus asperrimus       ????11???????11000-10?2-00123210011-0110110000110011???0-?000000111
Pteromylaeus bovinus          ????11???????11000-10?2?00123210011-0110110000110011???0??000000111
Ptychotrygon rostrispatula    ?0??000??????00?00-0----0002301001010000011000000??????0-?100001111
Raja clavata                  00010000010000000101010-0002301001010000110100001-110110-0111000111
Raja equatorialis             ?0??000??????0000101010-0002301001010000110000001-110110?0111000111
Raja eglanteria               ?0??000??????0000101010?0002301001010000110000001-11???0?0111000111
Raja stellulata               ?0??000??????0000101010?0002301001010000110000001-11???0?0111000111
Raja rhina                    ?0??000??????0000101010?0002301001010000110000001-11???0?0111000111
Rajella bigelowi              ?0??000??????0000101010-0002301001010000010000001-11???0?0111000111
Rajella caudaspinosa          ?0??000??????0000101010-0002301001010000110000001-11???0-0111000111
Rajella eisenhardti           ?0??000??????0000101010?0002301001010000110000001-11???0?0111000111
Rajella fuliginea             ?0??000??????0000101010?0002301001010000110000001-11???0?0111000111
Rajella purpuriventralis      ?0??000??????0000101010?0002301001010000110000001-11???0?0111000111
Rajella nigerrima             ?0??000??????0000101010-0002301001010000010100001-11???0-0111000111
Rhinoraja taranetzi           ?0??000??????0000101010-0002301001010000110100001?11???0?011100?111
Rhina ancylostoma             000100000?00000100-100120002301001012000110000110111???0-0101000111
Rhinobatos annandalei         ?0??000??????00100?100110002301001011000110000000111???0?0111000111
Rhinobatos glaucostigma       000100000100000100-1001100023010010110001100100101110000-0101000111
Rhinobatos holcorhynchus      ?1??000??????00100-1001?0002301001111000110000000111???0?0101000111
Rhinobatos percellens         000100000100000100-100110202301001012000110010000111???0-0101000111
Rhinobatos maronita           ?0??000??????00100-1001100023010010120001100?0000111?000-010?000111
Rhinobatos lionotus           ?1??000??????00100-100110002301001111000010000000111???0?010000?111
Rhinobatos rhinobatos         ????000??????00100-100110002301001011000110000000111???0?010100?111
Rhynchobatus australiae       ?0??000??????00100-100110002301001012000010000100111???0?0100000111
Rhynchobatus djiddensis       ?0??000??????00100-100110002301001012000010000100111???0?0100000111
Rhynchobatus springeri        000100000100000100-100110002301001012000110000100111???0-0100000111
Rhinobatos whitfieldy         ?0??000??????00100-1001?0002301001012000?10000100111???0-010000?111
Rhinobatus haeckelensis       ?0??000??????00100-1????0002301001012000110000000?10???0-010000?111
Rhinobatus latus              ?0??000??????00100-10?1200?230100101200011000011011????0-010?00?111
Rhinoptera bonasus            111101112001011000-1022-00123210012-01111100001101111200?1000000111
Rhinoptera brasiliensis       111101112001011000-1022-00123210012-01111100001101111200-1000000111
Rhombopterygia rajoides       ????000??????0?100-?????0??230?001012000010000000?1????0-01??000111
Scyliorhinus                  00??000??????00100-0----0000---000-1-0000000000000110000-0100000111
Sclerorhynchus atavus         ?0??000??????00100-0----0002301001010000011?0000011????0-?100110111
Sinobatis borneensis          ?0??000??????0000101000-0002301001010000010100001-11???0-0011000111
Sinobatis melanosoma          ?0??000??????0000101000?0002301001010000010100001-11???0?001100011?
Springeria folirostris        ?0??000??????00001?1010-00?2301001010000110100001-11???0-0011000111
Springeria longirostis        ?0??000??????00001?1010?00?2301001010000110100001-11???0?0011000111
Squalus                       0000000000??000100-0----00012--000-1-000000000000011000110100000111
                                                      1
Squatina africana             0000000000???00100-2----00021-0000-1-000000001?00011???0?0100000111
Squatina armata               0000000000???00100-2----00021-0000-1-000000001?00011???0?0100000111
Squatina californica          0000000000???00100-2----00021-0000-1-000000001?00011???0?0100000111
Squatina dumeril              0000000000???00100-2----00021-0000-1-000000001?00011???0?0100000111
Squatina nebulosa             0000000000???00100-2----00021-0000-1-000000001-00011???0-0100000111
Squatina squatina             0000000000???00100-2----00021-0000-1-000000001-00011???0?0100000111
Stahlraja sertanensis         ?0??000??????0?100-1001100023110010100001100?000011????0-?1??000111
Sympterygia acuta             ?0??000??????0000101010-00023110010110001101?0001?11???0?0111000111
Taeniura lymma                ?0??000??????0000011022?0012311001010010010000110111???0?0000000111
                                               1
Temera                        000200000000100100-11-0-010230010101100001010000021110?0-0000000111
Tethytrygon                   10??000??????11001?1022-00?23??001110010010000110?11?210-1000000111
Tlalocbatus                   ?0???00??????00100-100??0002311?010100001100100?011????0-010?000111
Tingitanius                   ?0??000??????00?0?-1001?000230100???0??0??001??????1???0-010000?1?1
Titanonarke molini            ?0??000?????100100-11-0-010230??01011000010111-00211???0-0???000111
Torpedo fuscomaculata         000200000000100100-11-0-0102300101011000110111-0011100?0-0000000111
Torpedo mackayana             ?1??000??????00100-11-0-010230?101011000110111-00111???0?0000000111
Torpedo nobiliana             ?0??000?????000100?11-0-010230?101011000110111-00111???0?0000000111
Torpedo torpedo               ?0??000?????000100?11-0-010230?101011000110111-00111???0?0000000111
Tribodus                      ?0??000??????0?010?0----0000---100?1?0?0000111-00111???100100000111
Trygonorrhina                 000100000100000100-1001300023210010100001100?00001110000-0101000111
Urobatis concentricus         ?1??010??????0000011022?0012311001110010010000100111???0?1000000111
                                               1
Urobatis halleri              ?1??010??????0000????22?0012311001110010010000100111???0?1000000111
Urobatis jamaicensis          10010001001101000111022-00123010011100100100001101111200-1000001111
Urobatis maculatus            ?0??000??????1?00011022?0012301001110010010000110111?????1000001111
                                               1
Urotrygon aspidura            11010001001101000011022-00123010011101100100001101111200-1101000111
                                               1
Urotrygon chilensis           ?0??000??????1000111022?001230?001110010010000110111???0?1101000111
Urotrygon microphthalmum      ?0??010??????1000110022?001230?001110010010000100211???0?1000000111
Urotrygon munda               ?0??010??????1000110022?001230?001110010010000100211???0?1101000111
Urotrygon simulatrix          ?0??010??????1000110022?001230?001110010010000110211???0?1101000111
Urotrygon rogersi             11010001000101000111022-00123010011100100100001102111200-1000001111
Urolophus kaianus             ?1??010??????1000111022?001230?001110010010000110111???0?100000?111
Urolophus aurantiacus         ?1??010??????1000111022?0012301001110010010000100211???0?100000?111
Zanobatus schoenleinii        110100000100000100-1022-00023210-10-00111100001002111200-0101000111
Zapteryx exasperata           000100000100000100-1001300023210010100001100100001110000-0101000111
Zapteryx xyster               ????000??????00100-100130002321001010000110010000111???0?0101000111

Optimality criterion set to likelihood.

OK to replace file "lscore4.log"? (Y/n)y

Likelihood scores of tree(s) in memory:
---------------------------------------
  7 characters are excluded
  137 characters are included
  All characters have equal weight
  Likelihood settings:
    Current model:
                             Data type = standard
           Constant-character handling = likelihoods conditioned on assumption that only variable
                                         characters are observed ("Mkv" model)
                           State space = variable
                     State frequencies = equal (required by model)
               Rates at variable sites = gamma, shape=0.5 (4 categories [mean])

    Number of distinct data patterns under this model = 137
    Molecular clock not enforced
    No constant characters/sites are present: likelihoods conditioned on character variability
    Starting branch lengths obtained using Rogers-Swofford approximation method
    Approximate likelihoods not available with current data and settings
    Branch-length optimization = one-dimensional Newton-Raphson with pass limit=20, tolerance=1e-07
    Likelihood calculations performed in single precision
    Vector processing disabled (number of states does not map appropriately to vector architecture)
    Using standard Felsenstein pruning for computing likelihoods
    Conditional-likelihood rescaling threshold = 1e-20
    Note: multithreading is not used for Mkv model

Tree           139         130         140         190         189         148         329
------------------------------------------------------------------------------------------
-ln L     2574.266    2574.536    2574.580    2574.582    2574.582    2575.088    2575.589

Tree           188         187         134         133         132         147          50
------------------------------------------------------------------------------------------
-ln L     2576.307    2576.329    2576.581    2576.581    2576.603    2576.809    2576.821

Tree           141         237         262         246         249         196         149
------------------------------------------------------------------------------------------
-ln L     2577.017    2577.138    2577.169    2577.208    2577.211    2577.463    2577.506

Tree           325         250          85         322         355          86         131
------------------------------------------------------------------------------------------
-ln L     2577.740    2577.744    2577.784    2577.835    2578.040    2578.060    2578.105

Tree           171          41          72          83          73         197         318
------------------------------------------------------------------------------------------
-ln L     2578.194    2578.239    2578.563    2578.596    2578.601    2578.660    2578.690

Tree           138         320           2         324         240         334         305
------------------------------------------------------------------------------------------
-ln L     2578.732    2578.859    2578.992    2579.023    2579.124    2579.141    2579.150

Tree            67          15         404         343         252         256         115
------------------------------------------------------------------------------------------
-ln L     2579.224    2579.233    2579.237    2579.264    2579.342    2579.387    2579.555

Tree           411         354         170         333         248         153         154
------------------------------------------------------------------------------------------
-ln L     2579.582    2579.588    2579.608    2579.611    2579.636    2579.636    2579.638

Tree           160          14         241         150           6         129         363
------------------------------------------------------------------------------------------
-ln L     2579.674    2579.687    2579.701    2579.712    2579.755    2579.765    2579.768

Tree            87          29          31         271         255          45         330
------------------------------------------------------------------------------------------
-ln L     2579.777    2580.081    2580.081    2580.086    2580.095    2580.122    2580.248

Tree           417         352         304         326         280         278         356
------------------------------------------------------------------------------------------
-ln L     2580.263    2580.287    2580.375    2580.418    2580.434    2580.463    2580.523

Tree           109         233         414         397          47         198         208
------------------------------------------------------------------------------------------
-ln L     2580.534    2580.581    2580.680    2580.719    2580.721    2580.774    2580.800

Tree           117         114         358         245         210         357          49
------------------------------------------------------------------------------------------
-ln L     2580.801    2580.815    2580.847    2580.848    2580.916    2580.934    2580.968

Tree           308         238          84          51         360         296         235
------------------------------------------------------------------------------------------
-ln L     2581.028    2581.028    2581.045    2581.061    2581.075    2581.155    2581.167

Tree           127         128         260          70         125          32           4
------------------------------------------------------------------------------------------
-ln L     2581.191    2581.191    2581.194    2581.202    2581.213    2581.216    2581.233

Tree           359         297         247         269          88           5         123
------------------------------------------------------------------------------------------
-ln L     2581.242    2581.281    2581.284    2581.287    2581.301    2581.325    2581.334

Tree            24         103         370         261         234          69         177
------------------------------------------------------------------------------------------
-ln L     2581.369    2581.375    2581.482    2581.495    2581.505    2581.507    2581.573

Tree            68         221          97         120          66         375         413
------------------------------------------------------------------------------------------
-ln L     2581.574    2581.576    2581.628    2581.667    2581.687    2581.695    2581.738

Tree           186         351         353         142         379          16         265
------------------------------------------------------------------------------------------
-ln L     2581.748    2581.796    2581.826    2581.853    2581.882    2581.913    2581.936

Tree           396         227          44         385         311         310         207
------------------------------------------------------------------------------------------
-ln L     2581.943    2581.947    2581.968    2582.040    2582.052    2582.052    2582.080

Tree           394         291         222         116         161         317          33
------------------------------------------------------------------------------------------
-ln L     2582.122    2582.123    2582.124    2582.133    2582.182    2582.199    2582.204

Tree            79         169         416          57         408         267         213
------------------------------------------------------------------------------------------
-ln L     2582.224    2582.257    2582.264    2582.325    2582.397    2582.426    2582.446

Tree           323          42         105         268         406         229         124
------------------------------------------------------------------------------------------
-ln L     2582.451    2582.453    2582.458    2582.468    2582.477    2582.505    2582.541

Tree           264         236         321         301         403          60         277
------------------------------------------------------------------------------------------
-ln L     2582.571    2582.628    2582.676    2582.687    2582.719    2582.735    2582.775

Tree           239         179          98          74          13         412         243
------------------------------------------------------------------------------------------
-ln L     2582.813    2582.821    2582.862    2582.863    2582.874    2582.881    2582.891

Tree           157           1         342         224         223         345         313
------------------------------------------------------------------------------------------
-ln L     2582.914    2582.922    2582.967    2582.973    2582.973    2582.992    2583.019

Tree            59         337         405         137         185         376          22
------------------------------------------------------------------------------------------
-ln L     2583.030    2583.039    2583.073    2583.074    2583.085    2583.099    2583.114

Tree            61         143         199         387         390         194         341
------------------------------------------------------------------------------------------
-ln L     2583.133    2583.241    2583.242    2583.270    2583.287    2583.319    2583.335

Tree           110          99         294         292          17         173         162
------------------------------------------------------------------------------------------
-ln L     2583.348    2583.353    2583.361    2583.378    2583.401    2583.416    2583.448

Tree           328         295         298         206         335         306         211
------------------------------------------------------------------------------------------
-ln L     2583.463    2583.544    2583.551    2583.578    2583.657    2583.679    2583.696

Tree            89          91          19         106         107          18         415
------------------------------------------------------------------------------------------
-ln L     2583.762    2583.762    2583.765    2583.791    2583.791    2583.804    2583.850

Tree           346         257         259          11          82          62         191
------------------------------------------------------------------------------------------
-ln L     2583.857    2583.864    2583.887    2583.899    2583.904    2583.922    2583.930

Tree           362         331         242         102         274         273         410
------------------------------------------------------------------------------------------
-ln L     2583.948    2583.966    2583.989    2584.000    2584.061    2584.071    2584.143

Tree           400          46         253         152         377         399         225
------------------------------------------------------------------------------------------
-ln L     2584.157    2584.167    2584.175    2584.189    2584.211    2584.218    2584.218

Tree           220         289         174          35           3         175          30
------------------------------------------------------------------------------------------
-ln L     2584.242    2584.251    2584.255    2584.271    2584.284    2584.320    2584.337

Tree            28         270         347         163         368          76         118
------------------------------------------------------------------------------------------
-ln L     2584.337    2584.381    2584.383    2584.385    2584.391    2584.405    2584.481

Tree           251         228         172         389           7         374         279
------------------------------------------------------------------------------------------
-ln L     2584.492    2584.530    2584.533    2584.540    2584.591    2584.598    2584.658

Tree           209         232         275         381         339         108         276
------------------------------------------------------------------------------------------
-ln L     2584.748    2584.763    2584.767    2584.793    2584.797    2584.811    2584.822

Tree           340         316         266         176         119          63         288
------------------------------------------------------------------------------------------
-ln L     2584.866    2584.939    2584.975    2584.981    2584.988    2585.006    2585.034

Tree           113         158         382         145          38          20         144
------------------------------------------------------------------------------------------
-ln L     2585.037    2585.048    2585.061    2585.102    2585.118    2585.125    2585.144

Tree           284         164         388         391           8          12         309
------------------------------------------------------------------------------------------
-ln L     2585.168    2585.190    2585.212    2585.212    2585.227    2585.242    2585.243

Tree           307         395          25         100         231         285         380
------------------------------------------------------------------------------------------
-ln L     2585.243    2585.266    2585.269    2585.303    2585.318    2585.326    2585.407

Tree           155         126         151          71         398         384         300
------------------------------------------------------------------------------------------
-ln L     2585.422    2585.427    2585.427    2585.431    2585.440    2585.472    2585.505

Tree           263          26         299          92         303          40         327
------------------------------------------------------------------------------------------
-ln L     2585.544    2585.566    2585.620    2585.631    2585.665    2585.670    2585.672

Tree            56          27          48         393         156         180         111
------------------------------------------------------------------------------------------
-ln L     2585.715    2585.724    2585.729    2585.744    2585.758    2585.758    2585.759

Tree           166         178         350         302         122         121         378
------------------------------------------------------------------------------------------
-ln L     2585.782    2585.810    2585.866    2585.885    2585.888    2585.895    2586.011

Tree           314         287          90          80         136         201          81
------------------------------------------------------------------------------------------
-ln L     2586.096    2586.116    2586.230    2586.242    2586.243    2586.249    2586.264

Tree           407         386         293          39         283           9         371
------------------------------------------------------------------------------------------
-ln L     2586.285    2586.306    2586.337    2586.351    2586.442    2586.467    2586.504

Tree           372         182         254         281         365         184         183
------------------------------------------------------------------------------------------
-ln L     2586.504    2586.529    2586.537    2586.570    2586.593    2586.618    2586.702

Tree           282         361         135         364         409         244         367
------------------------------------------------------------------------------------------
-ln L     2586.734    2586.735    2586.822    2586.865    2586.877    2586.915    2586.934

Tree            64         392          65         192          10         366          55
------------------------------------------------------------------------------------------
-ln L     2586.977    2586.992    2587.006    2587.036    2587.098    2587.149    2587.186

Tree            78         230         344         336         212         205          43
------------------------------------------------------------------------------------------
-ln L     2587.215    2587.255    2587.258    2587.262    2587.271    2587.276    2587.292

Tree           193         202         219          23         272         338          54
------------------------------------------------------------------------------------------
-ln L     2587.299    2587.305    2587.317    2587.319    2587.380    2587.395    2587.456

Tree           290         203         167         159          93         383          94
------------------------------------------------------------------------------------------
-ln L     2587.501    2587.534    2587.659    2587.671    2587.688    2587.733    2587.760

Tree           146         401          95         181         218         101         258
------------------------------------------------------------------------------------------
-ln L     2587.786    2587.843    2587.864    2587.939    2588.016    2588.111    2588.128

Tree            96         402         332          34         348         226         195
------------------------------------------------------------------------------------------
-ln L     2588.130    2588.144    2588.200    2588.462    2588.463    2588.490    2588.498

Tree           217         104          36         419         369         216          37
------------------------------------------------------------------------------------------
-ln L     2588.552    2588.561    2588.700    2588.758    2589.028    2589.222    2589.355

Tree            21         286         168         165          52         112         214
------------------------------------------------------------------------------------------
-ln L     2589.368    2589.575    2589.965    2589.965    2590.047    2590.287    2590.311

Tree           312         315         200         349         319          58         420
------------------------------------------------------------------------------------------
-ln L     2590.388    2590.388    2590.526    2590.539    2590.942    2591.051    2591.227

Tree           204         215         418          53         373          75          77
------------------------------------------------------------------------------------------
-ln L     2591.805    2591.815    2591.968    2592.049    2593.217    2594.076    2595.106

Time used to compute likelihoods = 00:05:32 (CPU time = 00:10:47.4)

Tree scores (and parameter estimates) written to file:
~/Desktop/Postdoc/2024/Favo/Phylo_analysis/lscore4.log

420 trees saved to file "~/Desktop/Postdoc/2024/Favo/Phylo_analysis/ML_spehnodus.nex"

Error(#702): Tree identifier "*" is invalid.
                 This often occurs when the slash ('/') character that separates a list of tree
                 identifiers from subsequent option settings is omitted in a command.

Error occurred while processing line 27 of file Scrip_Paup.paup

Processing of input file "Scrip_Paup.paup" terminated due to errors.
